<?xml version="1.0" encoding="UTF-8"?>
<robot generator="Robot 3.1.1 (Python 3.6.8 on linux)" generated="20190319 22:06:55.605" rpa="false">
<suite id="s1" name="Tests" source="/home/robot/tests">
<suite id="s1-s1" name="Initial Test Suite" source="/home/robot/tests/initial_test_suite.robot">
<test id="s1-s1-t1" name="This test case does nothing">
<kw name="No Operation" library="BuiltIn">
<doc>Does absolutely nothing.</doc>
<status status="PASS" starttime="20190319 22:07:05.230" endtime="20190319 22:07:05.232"></status>
</kw>
<status status="PASS" starttime="20190319 22:07:05.227" endtime="20190319 22:07:05.233" critical="yes"></status>
</test>
<status status="PASS" starttime="20190319 22:07:05.186" endtime="20190319 22:07:05.246"></status>
</suite>
<status status="PASS" starttime="20190319 22:06:55.610" endtime="20190319 22:07:05.254"></status>
</suite>
<statistics>
<total>
<stat pass="1" fail="0">Critical Tests</stat>
<stat pass="1" fail="0">All Tests</stat>
</total>
<tag>
</tag>
<suite>
<stat pass="1" fail="0" id="s1" name="Tests">Tests</stat>
<stat pass="1" fail="0" id="s1-s1" name="Initial Test Suite">Tests.Initial Test Suite</stat>
</suite>
</statistics>
<errors>
</errors>
</robot>
